<?xml version="1.0" encoding="UTF-8"?>
<robot generator="Robot 4.0.3 (Python 3.8.10 on linux)" generated="20211019 20:33:15.922" rpa="false" schemaversion="2">
<suite id="s1" name="AmazonBDD" source="/media/scherman/HD1/Particular/Faculdade/UniRitter/Disciplinas/2021_02/Práticas de Engenharia de Software/Trabalhos/PES-Gherkin-BDD/test/AmazonBDD.robot">
<kw name="Start Browser Session" library="base" type="SETUP">
<msg timestamp="20211019 20:33:17.941" level="TRACE">Arguments: [  ]</msg>
<kw name="New Browser" library="Browser">
<arg>chromium</arg>
<arg>False</arg>
<tag>BrowserControl</tag>
<tag>Setter</tag>
<doc>Create a new playwright Browser with specified options.
See `Browser, Context and Page` for more information about Browser and related concepts.</doc>
<msg timestamp="20211019 20:33:17.941" level="TRACE">Arguments: [ &lt;SupportedBrowsers.chromium: 1&gt; | False ]</msg>
<msg timestamp="20211019 20:33:17.942" level="INFO">{"browser": "chromium", "headless": false, "handleSIGINT": true, "handleSIGTERM": true, "handleSIGHUP": true, "timeout": 30000.0, "devtools": false, "slowMo": 0.0}</msg>
<msg timestamp="20211019 20:33:20.176" level="INFO">Successfully created browser with options: {"browser":"chromium","headless":false,"handleSIGINT":true,"handleSIGTERM":true,"handleSIGHUP":true,"timeout":30000,"devtools":false,"slowMo":0}</msg>
<msg timestamp="20211019 20:33:20.177" level="TRACE">Return: 'browser=ebc65e77-7762-46c5-b5a3-ed12d9d5e4b0'</msg>
<status status="PASS" starttime="20211019 20:33:17.941" endtime="20211019 20:33:20.177"/>
</kw>
<msg timestamp="20211019 20:33:20.177" level="TRACE">Return: None</msg>
<status status="PASS" starttime="20211019 20:33:17.940" endtime="20211019 20:33:20.178"/>
</kw>
<test id="s1-t1" name="Cenário #1: Busca por produto cadastrado">
<kw name="DADO QUE eu acesso a página inicial" library="access">
<msg timestamp="20211019 20:33:20.194" level="TRACE">Arguments: [  ]</msg>
<kw name="New Page" library="Browser">
<arg>about:blank</arg>
<tag>BrowserControl</tag>
<tag>Setter</tag>
<doc>Open a new Page. A Page is the Playwright equivalent to a tab.
See `Browser, Context and Page` for more information about Page concept.
Returns a stable identifier for the created page.</doc>
<msg timestamp="20211019 20:33:20.195" level="TRACE">Arguments: [ 'about:blank' ]</msg>
<msg timestamp="20211019 20:33:21.347" level="INFO">Successfully initialized new page object and opened url: about:blank</msg>
<msg timestamp="20211019 20:33:21.347" level="INFO">No context was open. New context was automatically opened when this page is created.</msg>
<msg timestamp="20211019 20:33:21.347" level="DEBUG">Video is not enabled.</msg>
<msg timestamp="20211019 20:33:21.347" level="TRACE">Return: 'page=080ea1df-9f88-4850-8f13-b711337c49c9'</msg>
<status status="PASS" starttime="20211019 20:33:20.195" endtime="20211019 20:33:21.347"/>
</kw>
<kw name="Go To" library="Browser">
<arg>https://www.amazon.com.br/</arg>
<tag>BrowserControl</tag>
<tag>Setter</tag>
<doc>Navigates to the given ``url``.</doc>
<msg timestamp="20211019 20:33:21.348" level="TRACE">Arguments: [ 'https://www.amazon.com.br/' ]</msg>
<msg timestamp="20211019 20:33:24.412" level="INFO">Succesfully opened URL https://www.amazon.com.br/</msg>
<msg timestamp="20211019 20:33:24.412" level="TRACE">Return: None</msg>
<status status="PASS" starttime="20211019 20:33:21.348" endtime="20211019 20:33:24.412"/>
</kw>
<msg timestamp="20211019 20:33:24.412" level="TRACE">Return: None</msg>
<status status="PASS" starttime="20211019 20:33:20.193" endtime="20211019 20:33:24.412"/>
</kw>
<kw name="E o nome da Tab contenha o texto: &quot;Amazon.com.br | Compre livros, Kindle, Echo, Fire Tv e mais.&quot;" library="access" sourcename="E o nome da Tab contenha o texto: &quot;${EXPECTED_TEXT}&quot;">
<msg timestamp="20211019 20:33:24.414" level="TRACE">Arguments: [ ${EXPECTED_TEXT}='Amazon.com.br | Compre livros, Kindle, Echo, Fire Tv e mais.' ]</msg>
<kw name="Get Title" library="Browser">
<var>${TITLE}</var>
<tag>Assertion</tag>
<tag>Getter</tag>
<tag>PageContent</tag>
<doc>Returns the title of the current page.</doc>
<msg timestamp="20211019 20:33:24.415" level="TRACE">Arguments: [  ]</msg>
<msg timestamp="20211019 20:33:24.457" level="DEBUG">Active page title is: Amazon.com.br | Compre livros, Kindle, Echo, Fire Tv e mais.</msg>
<msg timestamp="20211019 20:33:24.457" level="DEBUG">Assertion polling statistics:
First element asserted in: 0.042554616928100586 seconds
Total tries: 1
Elapsed time in retries 0.0 seconds</msg>
<msg timestamp="20211019 20:33:24.458" level="TRACE">Return: 'Amazon.com.br | Compre livros, Kindle, Echo, Fire Tv e mais.'</msg>
<msg timestamp="20211019 20:33:24.458" level="INFO">${TITLE} = Amazon.com.br | Compre livros, Kindle, Echo, Fire Tv e mais.</msg>
<status status="PASS" starttime="20211019 20:33:24.415" endtime="20211019 20:33:24.458"/>
</kw>
<kw name="Should Be Equal" library="BuiltIn">
<arg>${TITLE}</arg>
<arg>${EXPECTED_TEXT}</arg>
<doc>Fails if the given objects are unequal.</doc>
<msg timestamp="20211019 20:33:24.458" level="TRACE">Arguments: [ 'Amazon.com.br | Compre livros, Kindle, Echo, Fire Tv e mais.' | 'Amazon.com.br | Compre livros, Kindle, Echo, Fire Tv e mais.' ]</msg>
<msg timestamp="20211019 20:33:24.458" level="DEBUG">Argument types are:
&lt;type 'unicode'&gt;
&lt;type 'unicode'&gt;</msg>
<msg timestamp="20211019 20:33:24.458" level="TRACE">Return: None</msg>
<status status="PASS" starttime="20211019 20:33:24.458" endtime="20211019 20:33:24.459"/>
</kw>
<msg timestamp="20211019 20:33:24.459" level="TRACE">Return: None</msg>
<status status="PASS" starttime="20211019 20:33:24.414" endtime="20211019 20:33:24.459"/>
</kw>
<kw name="QUANDO realizo a busca digitando o nome do item &quot;engenharia de software&quot; no campo de pesquisa" library="access" sourcename="QUANDO realizo a busca digitando o nome do item &quot;${ITEM}&quot; no campo de pesquisa">
<msg timestamp="20211019 20:33:24.459" level="TRACE">Arguments: [ ${ITEM}='engenharia de software' ]</msg>
<kw name="Fill Text" library="Browser">
<arg>input[id="twotabsearchtextbox"]</arg>
<arg>${ITEM}</arg>
<tag>PageContent</tag>
<tag>Setter</tag>
<doc>Clears and fills the given ``text`` into the text field found by ``selector``.</doc>
<msg timestamp="20211019 20:33:24.460" level="TRACE">Arguments: [ 'input[id="twotabsearchtextbox"]' | 'engenharia de software' ]</msg>
<msg timestamp="20211019 20:33:24.460" level="INFO">Fills the text 'engenharia de software' in the given field.</msg>
<msg timestamp="20211019 20:33:24.718" level="DEBUG">Fill text: engenharia de software</msg>
<msg timestamp="20211019 20:33:24.718" level="TRACE">Return: None</msg>
<status status="PASS" starttime="20211019 20:33:24.459" endtime="20211019 20:33:24.718"/>
</kw>
<msg timestamp="20211019 20:33:24.719" level="TRACE">Return: None</msg>
<status status="PASS" starttime="20211019 20:33:24.459" endtime="20211019 20:33:24.719"/>
</kw>
<kw name="E clicar em Pesquisar" library="access">
<msg timestamp="20211019 20:33:24.719" level="TRACE">Arguments: [  ]</msg>
<kw name="Click" library="Browser">
<arg>input[value="Ir"]</arg>
<tag>PageContent</tag>
<tag>Setter</tag>
<doc>Simulates mouse click on the element found by ``selector``.</doc>
<msg timestamp="20211019 20:33:24.720" level="TRACE">Arguments: [ 'input[value="Ir"]' ]</msg>
<msg timestamp="20211019 20:33:24.720" level="DEBUG">Click options are: {"button": "left", "clickCount": 1, "force": false, "noWaitAfter": false}</msg>
<msg timestamp="20211019 20:33:25.236" level="DEBUG">Clicked element: 'input[value="Ir"]' with options: '{"button": "left", "clickCount": 1, "force": false, "noWaitAfter": false}'</msg>
<msg timestamp="20211019 20:33:25.237" level="TRACE">Return: None</msg>
<status status="PASS" starttime="20211019 20:33:24.719" endtime="20211019 20:33:25.237"/>
</kw>
<kw name="Wait For Elements State" library="Browser">
<arg>xpath=//span[contains(text(), 'resultados')]</arg>
<arg>visible</arg>
<arg>2</arg>
<tag>PageContent</tag>
<tag>Wait</tag>
<doc>Waits for the element found by ``selector`` to satisfy state option.</doc>
<msg timestamp="20211019 20:33:25.238" level="TRACE">Arguments: [ "xpath=//span[contains(text(), 'resultados')]" | &lt;ElementState.visible: 3&gt; | datetime.timedelta(seconds=2) ]</msg>
<msg timestamp="20211019 20:33:25.495" level="INFO">Wait for Element with selector: xpath=//span[contains(text(), 'resultados')]</msg>
<msg timestamp="20211019 20:33:25.495" level="TRACE">Return: None</msg>
<status status="PASS" starttime="20211019 20:33:25.237" endtime="20211019 20:33:25.495"/>
</kw>
<msg timestamp="20211019 20:33:25.495" level="TRACE">Return: None</msg>
<status status="PASS" starttime="20211019 20:33:24.719" endtime="20211019 20:33:25.495"/>
</kw>
<kw name="ENTÃO o resultado contendo o item &quot;engenharia de software&quot; deve ser exibido na página" library="access" sourcename="ENTÃO o resultado contendo o item &quot;${ITEM}&quot; deve ser exibido na página">
<msg timestamp="20211019 20:33:25.496" level="TRACE">Arguments: [ ${ITEM}='engenharia de software' ]</msg>
<kw name="Get Text" library="Browser">
<var>${RESULT}</var>
<arg>xpath=//div[@class="a-section a-spacing-small a-spacing-top-small"]//span[3]</arg>
<tag>Assertion</tag>
<tag>Getter</tag>
<tag>PageContent</tag>
<doc>Returns text attribute of the element found by ``selector``.
See the `Finding elements` section for details about the selectors.</doc>
<msg timestamp="20211019 20:33:25.496" level="TRACE">Arguments: [ 'xpath=//div[@class="a-section a-spacing-small a-spacing-top-small"]//span[3]' ]</msg>
<msg timestamp="20211019 20:33:25.556" level="DEBUG">Text received successfully.</msg>
<msg timestamp="20211019 20:33:25.557" level="DEBUG">Assertion polling statistics:
First element asserted in: 0.05996060371398926 seconds
Total tries: 1
Elapsed time in retries 0.0 seconds</msg>
<msg timestamp="20211019 20:33:25.557" level="TRACE">Return: '"engenharia de software"'</msg>
<msg timestamp="20211019 20:33:25.557" level="INFO">${RESULT} = "engenharia de software"</msg>
<status status="PASS" starttime="20211019 20:33:25.496" endtime="20211019 20:33:25.557"/>
</kw>
<kw name="Should Be Equal" library="BuiltIn">
<arg>${RESULT}</arg>
<arg>"${ITEM}"</arg>
<doc>Fails if the given objects are unequal.</doc>
<msg timestamp="20211019 20:33:25.557" level="TRACE">Arguments: [ '"engenharia de software"' | '"engenharia de software"' ]</msg>
<msg timestamp="20211019 20:33:25.557" level="DEBUG">Argument types are:
&lt;type 'unicode'&gt;
&lt;type 'unicode'&gt;</msg>
<msg timestamp="20211019 20:33:25.557" level="TRACE">Return: None</msg>
<status status="PASS" starttime="20211019 20:33:25.557" endtime="20211019 20:33:25.557"/>
</kw>
<msg timestamp="20211019 20:33:25.557" level="TRACE">Return: None</msg>
<status status="PASS" starttime="20211019 20:33:25.496" endtime="20211019 20:33:25.557"/>
</kw>
<kw name="Thinking And Take Screenshot" library="base" type="TEARDOWN">
<arg>5</arg>
<msg timestamp="20211019 20:33:25.558" level="TRACE">Arguments: [ ${TIMEOUT}='5' ]</msg>
<kw name="Sleep" library="BuiltIn">
<arg>${TIMEOUT}</arg>
<doc>Pauses the test executed for the given time.</doc>
<msg timestamp="20211019 20:33:25.558" level="TRACE">Arguments: [ '5' ]</msg>
<msg timestamp="20211019 20:33:30.559" level="INFO">Slept 5 seconds</msg>
<msg timestamp="20211019 20:33:30.559" level="TRACE">Return: None</msg>
<status status="PASS" starttime="20211019 20:33:25.558" endtime="20211019 20:33:30.559"/>
</kw>
<kw name="Take Screenshot" library="Browser">
<arg>fullPage=true</arg>
<tag>PageContent</tag>
<doc>Takes a screenshot of the current window and saves it.</doc>
<msg timestamp="20211019 20:33:30.559" level="TRACE">Arguments: [ fullPage=True ]</msg>
<msg timestamp="20211019 20:33:30.559" level="DEBUG">Using robotframework-browser-screenshot-{index} to take screenshot.</msg>
<msg timestamp="20211019 20:33:30.560" level="TRACE">robotframework-browser-screenshot-1</msg>
<msg timestamp="20211019 20:33:35.000" level="DEBUG">Screenshot succesfully captured to: /media/scherman/HD1/Particular/Faculdade/UniRitter/Disciplinas/2021_02/Práticas de Engenharia de Software/Trabalhos/PES-Gherkin-BDD/log/browser/screenshot/robotframework-browser-screenshot-1.png</msg>
<msg timestamp="20211019 20:33:35.000" level="INFO" html="true">&lt;/td&gt;&lt;/tr&gt;&lt;tr&gt;&lt;td colspan="3"&gt;&lt;a href="browser/screenshot/robotframework-browser-screenshot-1.png"&gt;&lt;img src="browser/screenshot/robotframework-browser-screenshot-1.png" width="800px"&gt;&lt;/a&gt;</msg>
<msg timestamp="20211019 20:33:35.000" level="TRACE">Return: '/media/scherman/HD1/Particular/Faculdade/UniRitter/Disciplinas/2021_02/Práticas de Engenharia de Software/Trabalhos/PES-Gherkin-BDD/log/browser/screenshot/robotframework-browser-screenshot-1.png'</msg>
<status status="PASS" starttime="20211019 20:33:30.559" endtime="20211019 20:33:35.001"/>
</kw>
<msg timestamp="20211019 20:33:35.001" level="TRACE">Return: None</msg>
<status status="PASS" starttime="20211019 20:33:25.558" endtime="20211019 20:33:35.002"/>
</kw>
<status status="PASS" starttime="20211019 20:33:20.178" endtime="20211019 20:33:35.002"/>
</test>
<doc>Caso de teste criado no modelo BDD</doc>
<status status="PASS" starttime="20211019 20:33:15.923" endtime="20211019 20:33:35.278"/>
</suite>
<statistics>
<total>
<stat pass="1" fail="0" skip="0">All Tests</stat>
</total>
<tag>
</tag>
<suite>
<stat pass="1" fail="0" skip="0" id="s1" name="AmazonBDD">AmazonBDD</stat>
</suite>
</statistics>
<errors>
</errors>
</robot>
